#! /usr/bin/vvp
:ivl_version "10.3 (stable)";
:ivl_delay_selection "TYPICAL";
:vpi_time_precision - 12;
:vpi_module "system";
:vpi_module "vhdl_sys";
:vpi_module "v2005_math";
:vpi_module "va_math";
S_0x7fffc4276130 .scope module, "iCache" "iCache" 2 3;
 .timescale -9 -12;
    .port_info 0 /INPUT 1 "clk_in"
    .port_info 1 /INPUT 1 "rst_in"
    .port_info 2 /INPUT 1 "rdy_in"
    .port_info 3 /INPUT 32 "fetch2iCache_address"
    .port_info 4 /INPUT 1 "fetch2iCache_enable"
    .port_info 5 /OUTPUT 32 "iCache2fetch_return"
    .port_info 6 /OUTPUT 1 "iCache2fetch_stall"
    .port_info 7 /OUTPUT 32 "iCache2memCon_address"
    .port_info 8 /OUTPUT 1 "iCache2memCon_enable"
    .port_info 9 /INPUT 32 "memCon2iCache_return"
P_0x7fffc42762b0 .param/l "CACHELINE_SIZE" 0 2 5, +C4<00000000000000000000000000100000>;
P_0x7fffc42762f0 .param/l "CACHE_SET_SIZE" 0 2 4, +C4<00000000000000000000000000000100>;
P_0x7fffc4276330 .param/l "CACHE_SIZE" 0 2 3, +C4<00000000000000000000010000000000>;
P_0x7fffc4276370 .param/l "INDEX_LENGTH" 0 2 19, +C4<00000000000000000000000000000011>;
P_0x7fffc42763b0 .param/l "LINE_COUNT" 0 2 17, +C4<00000000000000000000000000100000>;
P_0x7fffc42763f0 .param/l "SET_COUNT" 0 2 18, +C4<00000000000000000000000000001000>;
P_0x7fffc4276430 .param/l "TAG_LENGTH" 0 2 20, +C4<000000000000000000000000000011101>;
o0x7fd3e4140018 .functor BUFZ 1, C4<z>; HiZ drive
v0x7fffc429e7a0_0 .net "clk_in", 0 0, o0x7fd3e4140018;  0 drivers
v0x7fffc42c7b70 .array "data_array", 31 0, 31 0;
o0x7fd3e4140048 .functor BUFZ 32, C4<zzzzzzzzzzzzzzzzzzzzzzzzzzzzzzzz>; HiZ drive
v0x7fffc42c7c30_0 .net "fetch2iCache_address", 31 0, o0x7fd3e4140048;  0 drivers
o0x7fd3e4140078 .functor BUFZ 1, C4<z>; HiZ drive
v0x7fffc42c7d20_0 .net "fetch2iCache_enable", 0 0, o0x7fd3e4140078;  0 drivers
v0x7fffc42c7de0_0 .var/i "i", 31 0;
v0x7fffc42c7f10_0 .var "iCache2fetch_return", 31 0;
v0x7fffc42c7ff0_0 .var "iCache2fetch_stall", 0 0;
v0x7fffc42c80b0_0 .var "iCache2memCon_address", 31 0;
v0x7fffc42c8190_0 .var "iCache2memCon_enable", 0 0;
v0x7fffc42c8250_0 .var "if_find", 0 0;
v0x7fffc42c8310_0 .var/i "index", 31 0;
v0x7fffc42c83f0 .array "index_array", 31 0, 29 0;
v0x7fffc42c84b0_0 .var "ins_2_read", 31 0;
v0x7fffc42c8590_0 .var/i "j", 31 0;
o0x7fd3e4140258 .functor BUFZ 32, C4<zzzzzzzzzzzzzzzzzzzzzzzzzzzzzzzz>; HiZ drive
v0x7fffc42c8670_0 .net "memCon2iCache_return", 31 0, o0x7fd3e4140258;  0 drivers
o0x7fd3e4140288 .functor BUFZ 1, C4<z>; HiZ drive
v0x7fffc42c8750_0 .net "rdy_in", 0 0, o0x7fd3e4140288;  0 drivers
o0x7fd3e41402b8 .functor BUFZ 1, C4<z>; HiZ drive
v0x7fffc42c8810_0 .net "rst_in", 0 0, o0x7fd3e41402b8;  0 drivers
E_0x7fffc42ab700 .event posedge, v0x7fffc429e7a0_0;
    .scope S_0x7fffc4276130;
T_0 ;
    %wait E_0x7fffc42ab700;
    %load/vec4 v0x7fffc42c8810_0;
    %cmpi/e 1, 0, 1;
    %jmp/0xz  T_0.0, 4;
    %pushi/vec4 0, 0, 1;
    %assign/vec4 v0x7fffc42c8250_0, 0;
    %pushi/vec4 0, 0, 32;
    %store/vec4 v0x7fffc42c7de0_0, 0, 32;
T_0.2 ;
    %load/vec4 v0x7fffc42c7de0_0;
    %cmpi/s 8, 0, 32;
    %jmp/0xz T_0.3, 5;
    %pushi/vec4 0, 0, 32;
    %store/vec4 v0x7fffc42c8590_0, 0, 32;
T_0.4 ;
    %load/vec4 v0x7fffc42c8590_0;
    %cmpi/s 4, 0, 32;
    %jmp/0xz T_0.5, 5;
    %pushi/vec4 0, 0, 30;
    %load/vec4 v0x7fffc42c7de0_0;
    %pad/s 35;
    %pad/s 37;
    %muli 4, 0, 37;
    %pad/s 38;
    %load/vec4 v0x7fffc42c8590_0;
    %pad/s 38;
    %add;
    %ix/vec4/s 3;
    %ix/load 4, 0, 0; Constant delay
    %assign/vec4/a/d v0x7fffc42c83f0, 0, 4;
    %pushi/vec4 0, 0, 32;
    %load/vec4 v0x7fffc42c7de0_0;
    %pad/s 35;
    %pad/s 37;
    %muli 4, 0, 37;
    %pad/s 38;
    %load/vec4 v0x7fffc42c8590_0;
    %pad/s 38;
    %add;
    %ix/vec4/s 3;
    %ix/load 4, 0, 0; Constant delay
    %assign/vec4/a/d v0x7fffc42c7b70, 0, 4;
    %load/vec4 v0x7fffc42c8590_0;
    %addi 1, 0, 32;
    %store/vec4 v0x7fffc42c8590_0, 0, 32;
    %jmp T_0.4;
T_0.5 ;
    %load/vec4 v0x7fffc42c7de0_0;
    %addi 1, 0, 32;
    %store/vec4 v0x7fffc42c7de0_0, 0, 32;
    %jmp T_0.2;
T_0.3 ;
    %jmp T_0.1;
T_0.0 ;
    %load/vec4 v0x7fffc42c8750_0;
    %flag_set/vec4 8;
    %jmp/0xz  T_0.6, 8;
    %pushi/vec4 0, 0, 1;
    %assign/vec4 v0x7fffc42c8250_0, 0;
    %load/vec4 v0x7fffc42c7d20_0;
    %cmpi/e 1, 0, 1;
    %jmp/0xz  T_0.8, 4;
    %load/vec4 v0x7fffc42c7c30_0;
    %assign/vec4 v0x7fffc42c84b0_0, 0;
    %load/vec4 v0x7fffc42c84b0_0;
    %parti/s 3, 0, 2;
    %pad/u 32;
    %assign/vec4 v0x7fffc42c8310_0, 0;
    %pushi/vec4 0, 0, 32;
    %store/vec4 v0x7fffc42c7de0_0, 0, 32;
T_0.10 ;
    %load/vec4 v0x7fffc42c7de0_0;
    %cmpi/s 4, 0, 32;
    %jmp/0xz T_0.11, 5;
    %load/vec4 v0x7fffc42c8310_0;
    %pad/s 35;
    %pad/s 37;
    %muli 4, 0, 37;
    %pad/s 38;
    %load/vec4 v0x7fffc42c7de0_0;
    %pad/s 38;
    %add;
    %ix/vec4/s 4;
    %load/vec4a v0x7fffc42c83f0, 4;
    %parti/s 1, 29, 6;
    %cmpi/e 1, 0, 1;
    %jmp/0xz  T_0.12, 4;
    %load/vec4 v0x7fffc42c8310_0;
    %pad/s 35;
    %pad/s 37;
    %muli 4, 0, 37;
    %pad/s 38;
    %load/vec4 v0x7fffc42c7de0_0;
    %pad/s 38;
    %add;
    %ix/vec4/s 4;
    %load/vec4a v0x7fffc42c83f0, 4;
    %parti/s 29, 0, 2;
    %load/vec4 v0x7fffc42c84b0_0;
    %parti/s 29, 3, 3;
    %cmp/e;
    %jmp/0xz  T_0.14, 4;
    %load/vec4 v0x7fffc42c8310_0;
    %pad/s 35;
    %pad/s 37;
    %muli 4, 0, 37;
    %pad/s 38;
    %load/vec4 v0x7fffc42c7de0_0;
    %pad/s 38;
    %add;
    %ix/vec4/s 4;
    %load/vec4a v0x7fffc42c7b70, 4;
    %store/vec4 v0x7fffc42c7f10_0, 0, 32;
T_0.14 ;
T_0.12 ;
    %load/vec4 v0x7fffc42c7de0_0;
    %addi 1, 0, 32;
    %store/vec4 v0x7fffc42c7de0_0, 0, 32;
    %jmp T_0.10;
T_0.11 ;
    %load/vec4 v0x7fffc42c8250_0;
    %cmpi/e 0, 0, 1;
    %jmp/0xz  T_0.16, 4;
T_0.16 ;
T_0.8 ;
T_0.6 ;
T_0.1 ;
    %jmp T_0;
    .thread T_0;
# The file index is used to find the file name in the following table.
:file_names 3;
    "N/A";
    "<interactive>";
    "iCache.v";
