#! /usr/bin/vvp
:ivl_version "10.3 (stable)";
:ivl_delay_selection "TYPICAL";
:vpi_time_precision - 12;
:vpi_module "system";
:vpi_module "vhdl_sys";
:vpi_module "v2005_math";
:vpi_module "va_math";
S_0x7fffe1a17190 .scope module, "memController" "memController" 2 8;
 .timescale -9 -12;
    .port_info 0 /INPUT 1 "clk_in"
    .port_info 1 /INPUT 1 "rst_in"
    .port_info 2 /INPUT 1 "rdy_in"
    .port_info 3 /OUTPUT 32 "memCon2iCache_return"
    .port_info 4 /OUTPUT 1 "memCon2iCache_ifbusy"
    .port_info 5 /INPUT 1 "iCache2memCon_valid"
    .port_info 6 /INPUT 32 "iCache2memCon_adderss"
    .port_info 7 /OUTPUT 32 "memCon2LSB_return"
    .port_info 8 /OUTPUT 1 "memCon2LSB_ifbusy"
    .port_info 9 /INPUT 2 "LSB2memCon_width"
    .port_info 10 /INPUT 17 "LSB2memCon_addr"
    .port_info 11 /INPUT 1 "LSB2memCon_rw"
    .port_info 12 /INPUT 1 "LSB2memCon_valid"
    .port_info 13 /INPUT 8 "mem2memCon_din"
    .port_info 14 /OUTPUT 32 "memCon2mem_addr"
    .port_info 15 /OUTPUT 1 "memCon2mem_rw_select"
    .port_info 16 /OUTPUT 8 "memCon2mem_dout"
P_0x7fffe1a17310 .param/l "COMMAND_LENGTH" 0 2 8, +C4<00000000000000000000000000010101>;
o0x7fe69aa60018 .functor BUFZ 17, C4<zzzzzzzzzzzzzzzzz>; HiZ drive
v0x7fffe1a3f960_0 .net "LSB2memCon_addr", 16 0, o0x7fe69aa60018;  0 drivers
o0x7fe69aa60048 .functor BUFZ 1, C4<z>; HiZ drive
v0x7fffe1a6b760_0 .net "LSB2memCon_rw", 0 0, o0x7fe69aa60048;  0 drivers
o0x7fe69aa60078 .functor BUFZ 1, C4<z>; HiZ drive
v0x7fffe1a6b820_0 .net "LSB2memCon_valid", 0 0, o0x7fe69aa60078;  0 drivers
o0x7fe69aa600a8 .functor BUFZ 2, C4<zz>; HiZ drive
v0x7fffe1a6b8f0_0 .net "LSB2memCon_width", 1 0, o0x7fe69aa600a8;  0 drivers
o0x7fe69aa600d8 .functor BUFZ 1, C4<z>; HiZ drive
v0x7fffe1a6b9d0_0 .net "clk_in", 0 0, o0x7fe69aa600d8;  0 drivers
v0x7fffe1a6bae0_0 .var "count_down", 2 0;
v0x7fffe1a6bbc0_0 .var "current_command", 20 0;
o0x7fe69aa60168 .functor BUFZ 32, C4<zzzzzzzzzzzzzzzzzzzzzzzzzzzzzzzz>; HiZ drive
v0x7fffe1a6bca0_0 .net "iCache2memCon_adderss", 31 0, o0x7fe69aa60168;  0 drivers
o0x7fe69aa60198 .functor BUFZ 1, C4<z>; HiZ drive
v0x7fffe1a6bd80_0 .net "iCache2memCon_valid", 0 0, o0x7fe69aa60198;  0 drivers
v0x7fffe1a6be40_0 .var "io_buffer", 31 0;
o0x7fe69aa601f8 .functor BUFZ 8, C4<zzzzzzzz>; HiZ drive
v0x7fffe1a6bf20_0 .net "mem2memCon_din", 7 0, o0x7fe69aa601f8;  0 drivers
o0x7fe69aa60228 .functor BUFZ 1, C4<z>; HiZ drive
v0x7fffe1a6c000_0 .net "memCon2LSB_ifbusy", 0 0, o0x7fe69aa60228;  0 drivers
v0x7fffe1a6c0c0_0 .var "memCon2LSB_return", 31 0;
o0x7fe69aa60288 .functor BUFZ 1, C4<z>; HiZ drive
v0x7fffe1a6c1a0_0 .net "memCon2iCache_ifbusy", 0 0, o0x7fe69aa60288;  0 drivers
v0x7fffe1a6c260_0 .var "memCon2iCache_return", 31 0;
v0x7fffe1a6c340_0 .var "memCon2mem_addr", 31 0;
v0x7fffe1a6c420_0 .var "memCon2mem_dout", 7 0;
v0x7fffe1a6c610_0 .var "memCon2mem_rw_select", 0 0;
o0x7fe69aa60378 .functor BUFZ 1, C4<z>; HiZ drive
v0x7fffe1a6c6d0_0 .net "rdy_in", 0 0, o0x7fe69aa60378;  0 drivers
v0x7fffe1a6c790_0 .var "reserve_command", 20 0;
v0x7fffe1a6c870_0 .var "reserve_valid", 0 0;
o0x7fe69aa60408 .functor BUFZ 1, C4<z>; HiZ drive
v0x7fffe1a6c930_0 .net "rst_in", 0 0, o0x7fe69aa60408;  0 drivers
E_0x7fffe1a17b30 .event posedge, v0x7fffe1a6b9d0_0;
    .scope S_0x7fffe1a17190;
T_0 ;
    %wait E_0x7fffe1a17b30;
    %load/vec4 v0x7fffe1a6c930_0;
    %cmpi/e 1, 0, 1;
    %jmp/0xz  T_0.0, 4;
    %pushi/vec4 0, 0, 21;
    %assign/vec4 v0x7fffe1a6bbc0_0, 0;
    %jmp T_0.1;
T_0.0 ;
    %load/vec4 v0x7fffe1a6c6d0_0;
    %cmpi/e 1, 0, 1;
    %jmp/0xz  T_0.2, 4;
    %load/vec4 v0x7fffe1a6bae0_0;
    %cmpi/e 0, 0, 3;
    %jmp/0xz  T_0.4, 4;
    %load/vec4 v0x7fffe1a6bbc0_0;
    %parti/s 1, 20, 6;
    %cmpi/e 0, 0, 1;
    %jmp/0xz  T_0.6, 4;
    %load/vec4 v0x7fffe1a6be40_0;
    %assign/vec4 v0x7fffe1a6c260_0, 0;
    %pushi/vec4 0, 0, 32;
    %assign/vec4 v0x7fffe1a6be40_0, 0;
    %jmp T_0.7;
T_0.6 ;
    %load/vec4 v0x7fffe1a6be40_0;
    %assign/vec4 v0x7fffe1a6c0c0_0, 0;
    %pushi/vec4 0, 0, 32;
    %assign/vec4 v0x7fffe1a6be40_0, 0;
T_0.7 ;
    %load/vec4 v0x7fffe1a6c870_0;
    %cmpi/e 1, 0, 1;
    %jmp/0xz  T_0.8, 4;
    %load/vec4 v0x7fffe1a6c790_0;
    %assign/vec4 v0x7fffe1a6bbc0_0, 0;
    %load/vec4 v0x7fffe1a6c790_0;
    %parti/s 2, 17, 6;
    %dup/vec4;
    %pushi/vec4 0, 0, 2;
    %cmp/u;
    %jmp/1 T_0.10, 6;
    %dup/vec4;
    %pushi/vec4 1, 0, 2;
    %cmp/u;
    %jmp/1 T_0.11, 6;
    %dup/vec4;
    %pushi/vec4 2, 0, 2;
    %cmp/u;
    %jmp/1 T_0.12, 6;
    %jmp T_0.13;
T_0.10 ;
    %pushi/vec4 1, 0, 3;
    %assign/vec4 v0x7fffe1a6bae0_0, 0;
    %jmp T_0.13;
T_0.11 ;
    %pushi/vec4 2, 0, 3;
    %assign/vec4 v0x7fffe1a6bae0_0, 0;
    %jmp T_0.13;
T_0.12 ;
    %pushi/vec4 4, 0, 3;
    %assign/vec4 v0x7fffe1a6bae0_0, 0;
    %jmp T_0.13;
T_0.13 ;
    %pop/vec4 1;
    %pushi/vec4 0, 0, 1;
    %assign/vec4 v0x7fffe1a6c870_0, 0;
    %load/vec4 v0x7fffe1a6c790_0;
    %parti/s 17, 0, 2;
    %pad/u 32;
    %assign/vec4 v0x7fffe1a6c340_0, 0;
    %pushi/vec4 0, 0, 1;
    %assign/vec4 v0x7fffe1a6c610_0, 0;
    %jmp T_0.9;
T_0.8 ;
    %load/vec4 v0x7fffe1a6bd80_0;
    %cmpi/e 1, 0, 1;
    %jmp/0xz  T_0.14, 4;
    %load/vec4 v0x7fffe1a6bca0_0;
    %pad/u 17;
    %ix/load 4, 0, 0;
    %ix/load 5, 0, 0;
    %flag_set/imm 4, 0;
    %assign/vec4/off/d v0x7fffe1a6bbc0_0, 4, 5;
    %pushi/vec4 2, 0, 2;
    %ix/load 4, 17, 0;
    %ix/load 5, 0, 0;
    %flag_set/imm 4, 0;
    %assign/vec4/off/d v0x7fffe1a6bbc0_0, 4, 5;
    %pushi/vec4 0, 0, 1;
    %ix/load 4, 20, 0;
    %ix/load 5, 0, 0;
    %flag_set/imm 4, 0;
    %assign/vec4/off/d v0x7fffe1a6bbc0_0, 4, 5;
    %pushi/vec4 0, 0, 1;
    %ix/load 4, 19, 0;
    %ix/load 5, 0, 0;
    %flag_set/imm 4, 0;
    %assign/vec4/off/d v0x7fffe1a6bbc0_0, 4, 5;
    %pushi/vec4 4, 0, 3;
    %assign/vec4 v0x7fffe1a6bae0_0, 0;
    %jmp T_0.15;
T_0.14 ;
    %load/vec4 v0x7fffe1a6b820_0;
    %cmpi/e 1, 0, 1;
    %jmp/0xz  T_0.16, 4;
    %load/vec4 v0x7fffe1a3f960_0;
    %ix/load 4, 0, 0;
    %ix/load 5, 0, 0;
    %flag_set/imm 4, 0;
    %assign/vec4/off/d v0x7fffe1a6bbc0_0, 4, 5;
    %load/vec4 v0x7fffe1a6b8f0_0;
    %ix/load 4, 17, 0;
    %ix/load 5, 0, 0;
    %flag_set/imm 4, 0;
    %assign/vec4/off/d v0x7fffe1a6bbc0_0, 4, 5;
    %pushi/vec4 1, 0, 1;
    %ix/load 4, 20, 0;
    %ix/load 5, 0, 0;
    %flag_set/imm 4, 0;
    %assign/vec4/off/d v0x7fffe1a6bbc0_0, 4, 5;
    %load/vec4 v0x7fffe1a6b760_0;
    %ix/load 4, 19, 0;
    %ix/load 5, 0, 0;
    %flag_set/imm 4, 0;
    %assign/vec4/off/d v0x7fffe1a6bbc0_0, 4, 5;
T_0.16 ;
T_0.15 ;
T_0.9 ;
T_0.4 ;
    %load/vec4 v0x7fffe1a6c870_0;
    %cmpi/e 0, 0, 1;
    %jmp/0xz  T_0.18, 4;
    %load/vec4 v0x7fffe1a6bd80_0;
    %cmpi/e 1, 0, 1;
    %jmp/0xz  T_0.20, 4;
    %load/vec4 v0x7fffe1a6bca0_0;
    %pad/u 17;
    %ix/load 4, 0, 0;
    %ix/load 5, 0, 0;
    %flag_set/imm 4, 0;
    %assign/vec4/off/d v0x7fffe1a6bbc0_0, 4, 5;
    %pushi/vec4 2, 0, 2;
    %ix/load 4, 17, 0;
    %ix/load 5, 0, 0;
    %flag_set/imm 4, 0;
    %assign/vec4/off/d v0x7fffe1a6bbc0_0, 4, 5;
    %pushi/vec4 0, 0, 1;
    %ix/load 4, 20, 0;
    %ix/load 5, 0, 0;
    %flag_set/imm 4, 0;
    %assign/vec4/off/d v0x7fffe1a6bbc0_0, 4, 5;
    %pushi/vec4 0, 0, 1;
    %ix/load 4, 19, 0;
    %ix/load 5, 0, 0;
    %flag_set/imm 4, 0;
    %assign/vec4/off/d v0x7fffe1a6bbc0_0, 4, 5;
    %pushi/vec4 4, 0, 3;
    %assign/vec4 v0x7fffe1a6bae0_0, 0;
    %jmp T_0.21;
T_0.20 ;
    %load/vec4 v0x7fffe1a6b820_0;
    %cmpi/e 1, 0, 1;
    %jmp/0xz  T_0.22, 4;
    %load/vec4 v0x7fffe1a3f960_0;
    %ix/load 4, 0, 0;
    %ix/load 5, 0, 0;
    %flag_set/imm 4, 0;
    %assign/vec4/off/d v0x7fffe1a6bbc0_0, 4, 5;
    %load/vec4 v0x7fffe1a6b8f0_0;
    %ix/load 4, 17, 0;
    %ix/load 5, 0, 0;
    %flag_set/imm 4, 0;
    %assign/vec4/off/d v0x7fffe1a6bbc0_0, 4, 5;
    %pushi/vec4 1, 0, 1;
    %ix/load 4, 20, 0;
    %ix/load 5, 0, 0;
    %flag_set/imm 4, 0;
    %assign/vec4/off/d v0x7fffe1a6bbc0_0, 4, 5;
    %load/vec4 v0x7fffe1a6b760_0;
    %ix/load 4, 19, 0;
    %ix/load 5, 0, 0;
    %flag_set/imm 4, 0;
    %assign/vec4/off/d v0x7fffe1a6bbc0_0, 4, 5;
T_0.22 ;
T_0.21 ;
    %pushi/vec4 1, 0, 1;
    %assign/vec4 v0x7fffe1a6c870_0, 0;
T_0.18 ;
T_0.2 ;
T_0.1 ;
    %jmp T_0;
    .thread T_0;
# The file index is used to find the file name in the following table.
:file_names 3;
    "N/A";
    "<interactive>";
    "memController.v";
