#! /usr/bin/vvp
:ivl_version "10.3 (stable)";
:ivl_delay_selection "TYPICAL";
:vpi_time_precision + 0;
:vpi_module "system";
:vpi_module "vhdl_sys";
:vpi_module "v2005_math";
:vpi_module "va_math";
S_0x7fffc0668330 .scope module, "dual_port_ram_sync" "dual_port_ram_sync" 2 29;
 .timescale 0 0;
    .port_info 0 /INPUT 1 "clk"
    .port_info 1 /INPUT 1 "we"
    .port_info 2 /INPUT 6 "addr_a"
    .port_info 3 /INPUT 6 "addr_b"
    .port_info 4 /INPUT 8 "din_a"
    .port_info 5 /OUTPUT 8 "dout_a"
    .port_info 6 /OUTPUT 8 "dout_b"
P_0x7fffc0654770 .param/l "ADDR_WIDTH" 0 2 31, +C4<00000000000000000000000000000110>;
P_0x7fffc06547b0 .param/l "DATA_WIDTH" 0 2 32, +C4<00000000000000000000000000001000>;
L_0x7fffc0664200 .functor BUFZ 8, L_0x7fffc0682150, C4<00000000>, C4<00000000>, C4<00000000>;
L_0x7fffc0664310 .functor BUFZ 8, L_0x7fffc06823e0, C4<00000000>, C4<00000000>, C4<00000000>;
v0x7fffc0663fd0_0 .net *"_s0", 7 0, L_0x7fffc0682150;  1 drivers
v0x7fffc067fc60_0 .net *"_s10", 7 0, L_0x7fffc06824b0;  1 drivers
L_0x7fefdbc10060 .functor BUFT 1, C4<00>, C4<0>, C4<0>, C4<0>;
v0x7fffc067fd40_0 .net *"_s13", 1 0, L_0x7fefdbc10060;  1 drivers
v0x7fffc067fe00_0 .net *"_s2", 7 0, L_0x7fffc0682270;  1 drivers
L_0x7fefdbc10018 .functor BUFT 1, C4<00>, C4<0>, C4<0>, C4<0>;
v0x7fffc067fee0_0 .net *"_s5", 1 0, L_0x7fefdbc10018;  1 drivers
v0x7fffc0680010_0 .net *"_s8", 7 0, L_0x7fffc06823e0;  1 drivers
o0x7fefdbc60138 .functor BUFZ 6, C4<zzzzzz>; HiZ drive
v0x7fffc06800f0_0 .net "addr_a", 5 0, o0x7fefdbc60138;  0 drivers
o0x7fefdbc60168 .functor BUFZ 6, C4<zzzzzz>; HiZ drive
v0x7fffc06801d0_0 .net "addr_b", 5 0, o0x7fefdbc60168;  0 drivers
o0x7fefdbc60198 .functor BUFZ 1, C4<z>; HiZ drive
v0x7fffc06802b0_0 .net "clk", 0 0, o0x7fefdbc60198;  0 drivers
o0x7fefdbc601c8 .functor BUFZ 8, C4<zzzzzzzz>; HiZ drive
v0x7fffc0680370_0 .net "din_a", 7 0, o0x7fefdbc601c8;  0 drivers
v0x7fffc0680450_0 .net "dout_a", 7 0, L_0x7fffc0664200;  1 drivers
v0x7fffc0680530_0 .net "dout_b", 7 0, L_0x7fffc0664310;  1 drivers
v0x7fffc0680610_0 .var "q_addr_a", 5 0;
v0x7fffc06806f0_0 .var "q_addr_b", 5 0;
v0x7fffc06807d0 .array "ram", 0 63, 7 0;
o0x7fefdbc602b8 .functor BUFZ 1, C4<z>; HiZ drive
v0x7fffc0680890_0 .net "we", 0 0, o0x7fefdbc602b8;  0 drivers
E_0x7fffc0662aa0 .event posedge, v0x7fffc06802b0_0;
L_0x7fffc0682150 .array/port v0x7fffc06807d0, L_0x7fffc0682270;
L_0x7fffc0682270 .concat [ 6 2 0 0], v0x7fffc0680610_0, L_0x7fefdbc10018;
L_0x7fffc06823e0 .array/port v0x7fffc06807d0, L_0x7fffc06824b0;
L_0x7fffc06824b0 .concat [ 6 2 0 0], v0x7fffc06806f0_0, L_0x7fefdbc10060;
S_0x7fffc0663d60 .scope module, "ram" "ram" 3 4;
 .timescale 0 0;
    .port_info 0 /INPUT 1 "clk_in"
    .port_info 1 /INPUT 1 "en_in"
    .port_info 2 /INPUT 1 "r_nw_in"
    .port_info 3 /INPUT 17 "a_in"
    .port_info 4 /INPUT 8 "d_in"
    .port_info 5 /OUTPUT 8 "d_out"
P_0x7fffc0668600 .param/l "ADDR_WIDTH" 0 3 6, +C4<00000000000000000000000000010001>;
o0x7fefdbc607f8 .functor BUFZ 1, C4<z>; HiZ drive
L_0x7fffc062b5a0 .functor NOT 1, o0x7fefdbc607f8, C4<0>, C4<0>, C4<0>;
v0x7fffc06817f0_0 .net *"_s0", 0 0, L_0x7fffc062b5a0;  1 drivers
L_0x7fefdbc100f0 .functor BUFT 1, C4<0>, C4<0>, C4<0>, C4<0>;
v0x7fffc06818f0_0 .net/2u *"_s2", 0 0, L_0x7fefdbc100f0;  1 drivers
L_0x7fefdbc10138 .functor BUFT 1, C4<00000000>, C4<0>, C4<0>, C4<0>;
v0x7fffc06819d0_0 .net/2u *"_s6", 7 0, L_0x7fefdbc10138;  1 drivers
o0x7fefdbc604c8 .functor BUFZ 17, C4<zzzzzzzzzzzzzzzzz>; HiZ drive
v0x7fffc0681a90_0 .net "a_in", 16 0, o0x7fefdbc604c8;  0 drivers
o0x7fefdbc604f8 .functor BUFZ 1, C4<z>; HiZ drive
v0x7fffc0681b80_0 .net "clk_in", 0 0, o0x7fefdbc604f8;  0 drivers
o0x7fefdbc60528 .functor BUFZ 8, C4<zzzzzzzz>; HiZ drive
v0x7fffc0681c20_0 .net "d_in", 7 0, o0x7fefdbc60528;  0 drivers
v0x7fffc0681cf0_0 .net "d_out", 7 0, L_0x7fffc0682b90;  1 drivers
o0x7fefdbc607c8 .functor BUFZ 1, C4<z>; HiZ drive
v0x7fffc0681d90_0 .net "en_in", 0 0, o0x7fefdbc607c8;  0 drivers
v0x7fffc0681e50_0 .net "r_nw_in", 0 0, o0x7fefdbc607f8;  0 drivers
v0x7fffc0681f10_0 .net "ram_bram_dout", 7 0, L_0x7fffc0668690;  1 drivers
v0x7fffc0682000_0 .net "ram_bram_we", 0 0, L_0x7fffc06829b0;  1 drivers
L_0x7fffc06829b0 .functor MUXZ 1, L_0x7fefdbc100f0, L_0x7fffc062b5a0, o0x7fefdbc607c8, C4<>;
L_0x7fffc0682b90 .functor MUXZ 8, L_0x7fefdbc10138, L_0x7fffc0668690, o0x7fefdbc607c8, C4<>;
S_0x7fffc0680a30 .scope module, "ram_bram" "single_port_ram_sync" 3 21, 2 62 0, S_0x7fffc0663d60;
 .timescale 0 0;
    .port_info 0 /INPUT 1 "clk"
    .port_info 1 /INPUT 1 "we"
    .port_info 2 /INPUT 17 "addr_a"
    .port_info 3 /INPUT 8 "din_a"
    .port_info 4 /OUTPUT 8 "dout_a"
P_0x7fffc0654800 .param/l "ADDR_WIDTH" 0 2 64, +C4<00000000000000000000000000010001>;
P_0x7fffc0654840 .param/l "DATA_WIDTH" 0 2 65, +C4<00000000000000000000000000001000>;
L_0x7fffc0668690 .functor BUFZ 8, L_0x7fffc06826a0, C4<00000000>, C4<00000000>, C4<00000000>;
v0x7fffc0680d90_0 .net *"_s0", 7 0, L_0x7fffc06826a0;  1 drivers
v0x7fffc0680e90_0 .net *"_s2", 18 0, L_0x7fffc0682770;  1 drivers
L_0x7fefdbc100a8 .functor BUFT 1, C4<00>, C4<0>, C4<0>, C4<0>;
v0x7fffc0680f70_0 .net *"_s5", 1 0, L_0x7fefdbc100a8;  1 drivers
v0x7fffc0681060_0 .net "addr_a", 16 0, o0x7fefdbc604c8;  alias, 0 drivers
v0x7fffc0681140_0 .net "clk", 0 0, o0x7fefdbc604f8;  alias, 0 drivers
v0x7fffc0681250_0 .net "din_a", 7 0, o0x7fefdbc60528;  alias, 0 drivers
v0x7fffc0681330_0 .net "dout_a", 7 0, L_0x7fffc0668690;  alias, 1 drivers
v0x7fffc0681410_0 .var/i "i", 31 0;
v0x7fffc06814f0_0 .var "q_addr_a", 16 0;
v0x7fffc06815d0 .array "ram", 0 131071, 7 0;
v0x7fffc0681690_0 .net "we", 0 0, L_0x7fffc06829b0;  alias, 1 drivers
E_0x7fffc0661c20 .event posedge, v0x7fffc0681140_0;
L_0x7fffc06826a0 .array/port v0x7fffc06815d0, L_0x7fffc0682770;
L_0x7fffc0682770 .concat [ 17 2 0 0], v0x7fffc06814f0_0, L_0x7fefdbc100a8;
    .scope S_0x7fffc0668330;
T_0 ;
    %wait E_0x7fffc0662aa0;
    %load/vec4 v0x7fffc0680890_0;
    %flag_set/vec4 8;
    %jmp/0xz  T_0.0, 8;
    %load/vec4 v0x7fffc0680370_0;
    %load/vec4 v0x7fffc06800f0_0;
    %pad/u 8;
    %ix/vec4 3;
    %ix/load 4, 0, 0; Constant delay
    %assign/vec4/a/d v0x7fffc06807d0, 0, 4;
T_0.0 ;
    %load/vec4 v0x7fffc06800f0_0;
    %assign/vec4 v0x7fffc0680610_0, 0;
    %load/vec4 v0x7fffc06801d0_0;
    %assign/vec4 v0x7fffc06806f0_0, 0;
    %jmp T_0;
    .thread T_0;
    .scope S_0x7fffc0680a30;
T_1 ;
    %wait E_0x7fffc0661c20;
    %load/vec4 v0x7fffc0681690_0;
    %flag_set/vec4 8;
    %jmp/0xz  T_1.0, 8;
    %load/vec4 v0x7fffc0681250_0;
    %load/vec4 v0x7fffc0681060_0;
    %pad/u 19;
    %ix/vec4 3;
    %ix/load 4, 0, 0; Constant delay
    %assign/vec4/a/d v0x7fffc06815d0, 0, 4;
T_1.0 ;
    %load/vec4 v0x7fffc0681060_0;
    %assign/vec4 v0x7fffc06814f0_0, 0;
    %jmp T_1;
    .thread T_1;
    .scope S_0x7fffc0680a30;
T_2 ;
    %pushi/vec4 0, 0, 32;
    %store/vec4 v0x7fffc0681410_0, 0, 32;
T_2.0 ;
    %load/vec4 v0x7fffc0681410_0;
    %cmpi/s 131072, 0, 32;
    %jmp/0xz T_2.1, 5;
    %pushi/vec4 0, 0, 8;
    %ix/getv/s 4, v0x7fffc0681410_0;
    %store/vec4a v0x7fffc06815d0, 4, 0;
    %load/vec4 v0x7fffc0681410_0;
    %addi 1, 0, 32;
    %store/vec4 v0x7fffc0681410_0, 0, 32;
    %jmp T_2.0;
T_2.1 ;
    %vpi_call 2 93 "$readmemh", "test.data", v0x7fffc06815d0 {0 0 0};
    %end;
    .thread T_2;
# The file index is used to find the file name in the following table.
:file_names 4;
    "N/A";
    "<interactive>";
    "./common/block_ram/block_ram.v";
    "ram.v";
